<?xml version="1.0" encoding="UTF-8"?>
<!-- Generated by org.testng.reporters.JUnitReportReporter -->
<testsuite skipped="2" hostname="np-PC" name="com.crm.qa.tests.HomePageTest" tests="3" failures="0" timestamp="25 Aug 2018 05:22:49 GMT" time="24.489" errors="0">
  <testcase name="clickonContactsLinkTest" time="24.489" classname="com.crm.qa.tests.HomePageTest"/>
  <testcase name="verifyUsernameTest" classname="com.crm.qa.tests.HomePageTest">
    <skipped/>
  </testcase> <!-- verifyUsernameTest -->
  <testcase name="verifyHomePageTitleTest" classname="com.crm.qa.tests.HomePageTest">
    <skipped/>
  </testcase> <!-- verifyHomePageTitleTest -->
</testsuite> <!-- com.crm.qa.tests.HomePageTest -->
